<?xml version="1.0" encoding="UTF-8"?>
<testsuite name="Make a book purchase" tests="1" skipped="0" failures="0" errors="0" timestamp="2023-03-31T16:42:42" hostname="LAPTOP-ME7AF93M" time="97.219">
  <properties/>
  <testcase name="Validate the and buy a book" classname="Make a book purchase" time="97.219"/>
  <system-out><![CDATA[]]></system-out>
  <system-err><![CDATA[Starting ChromeDriver 111.0.5563.64 (c710e93d5b63b7095afe8c2c17df34408078439d-refs/branch-heads/5563@{#995}) on port 5472
Only local connections are allowed.
Please see https://chromedriver.chromium.org/security-considerations for suggestions on keeping ChromeDriver safe.
ChromeDriver was started successfully.
]]></system-err>
</testsuite>
